<?xml version="1.0" encoding="UTF-8"?>
<testsuite xmlns:xsi="http://www.w3.org/2001/XMLSchema-instance" xsi:noNamespaceSchemaLocation="https://maven.apache.org/surefire/maven-surefire-plugin/xsd/surefire-test-report.xsd" name="com.lime.junit5.entity.CuentaTest" time="0.031" tests="7" errors="0" skipped="1" failures="0">
  <properties>
[...]
</properties>
  <testcase name="DineroInsuficienteExceptionTest" classname="com.lime.junit5.entity.CuentaTest" time="0.012"/>
  <testcase name="CuentaCreditoTest" classname="com.lime.junit5.entity.CuentaTest" time="0.001"/>
  <testcase name="SaldoCuentaTest" classname="com.lime.junit5.entity.CuentaTest" time="0"/>
  <testcase name="CuentaTest" classname="com.lime.junit5.entity.CuentaTest" time="0"/>
  <testcase name="CuentaDebitoTest" classname="com.lime.junit5.entity.CuentaTest" time="0"/>
  <testcase name="TransferirTest" classname="com.lime.junit5.entity.CuentaTest" time="0.002"/>
  <testcase name="testNombreCuenta" classname="com.lime.junit5.entity.CuentaTest" time="0">
    <skipped message="void com.lime.junit5.entity.CuentaTest.testNombreCuenta() is @Disabled"/>
  </testcase>
</testsuite>